build/app/intermediates/manifest_merge_blame_file/release/manifest-merger-blame-release-report.txt
1<?xml version="1.0" encoding="utf-8"?>
2<manifest xmlns:android="http://schemas.android.com/apk/res/android"
3    package="com.example.first_project"
4    android:versionCode="1"
5    android:versionName="1.0" >
6
7    <uses-sdk
8        android:minSdkVersion="21"
8-->src\main\AndroidManifest.xml
9        android:targetSdkVersion="31" />
9-->src\main\AndroidManifest.xml
10
11    <uses-permission android:name="android.permission.INTERNET" />
11-->[:google_sign_in_android] AndroidManifest.xml:9:5-67
11-->[:google_sign_in_android] AndroidManifest.xml:9:22-64
12    <uses-permission android:name="android.permission.ACCESS_COARSE_LOCATION" />
12-->[:location] AndroidManifest.xml:9:5-81
12-->[:location] AndroidManifest.xml:9:22-78
13    <uses-permission android:name="android.permission.ACCESS_FINE_LOCATION" />
13-->[:location] AndroidManifest.xml:10:5-79
13-->[:location] AndroidManifest.xml:10:22-76
14    <uses-permission android:name="android.permission.ACCESS_NETWORK_STATE" />
14-->[com.google.firebase:firebase-messaging:23.0.8] AndroidManifest.xml:25:5-79
14-->[com.google.firebase:firebase-messaging:23.0.8] AndroidManifest.xml:25:22-76
15    <uses-permission android:name="android.permission.POST_NOTIFICATIONS" />
15-->[com.google.firebase:firebase-messaging:23.0.8] AndroidManifest.xml:26:5-77
15-->[com.google.firebase:firebase-messaging:23.0.8] AndroidManifest.xml:26:22-74
16    <uses-permission android:name="android.permission.WAKE_LOCK" /> <!-- Required by older versions of Google Play services to create IID tokens -->
16-->[com.google.firebase:firebase-messaging:23.0.8] AndroidManifest.xml:27:5-68
16-->[com.google.firebase:firebase-messaging:23.0.8] AndroidManifest.xml:27:22-65
17    <uses-permission android:name="com.google.android.c2dm.permission.RECEIVE" />
17-->[com.google.firebase:firebase-messaging:23.0.8] AndroidManifest.xml:29:5-82
17-->[com.google.firebase:firebase-messaging:23.0.8] AndroidManifest.xml:29:22-79
18
19    <uses-feature
19-->[com.google.android.gms:play-services-maps:18.0.2] AndroidManifest.xml:26:5-28:35
20        android:glEsVersion="0x00020000"
20-->[com.google.android.gms:play-services-maps:18.0.2] AndroidManifest.xml:27:9-41
21        android:required="true" />
21-->[com.google.android.gms:play-services-maps:18.0.2] AndroidManifest.xml:28:9-32
22
23    <queries>
23-->[com.google.android.gms:play-services-maps:18.0.2] AndroidManifest.xml:30:5-34:15
24
25        <!-- Needs to be explicitly declared on Android R+ -->
26        <package android:name="com.google.android.apps.maps" />
26-->[com.google.android.gms:play-services-maps:18.0.2] AndroidManifest.xml:33:9-64
26-->[com.google.android.gms:play-services-maps:18.0.2] AndroidManifest.xml:33:18-61
27    </queries>
28
29    <application
30        android:name="android.app.Application"
30-->src\main\AndroidManifest.xml:5:9-42
31        android:appComponentFactory="androidx.core.app.CoreComponentFactory"
31-->[androidx.core:core:1.6.0] AndroidManifest.xml:24:18-86
32        android:icon="@mipmap/ic_launcher"
32-->src\main\AndroidManifest.xml:6:9-43
33        android:label="OutdoorMap" >
33-->src\main\AndroidManifest.xml:4:9-35
34        <activity
34-->src\main\AndroidManifest.xml:7:9-31:20
35            android:name="com.example.first_project.MainActivity"
35-->src\main\AndroidManifest.xml:8:13-41
36            android:configChanges="orientation|keyboardHidden|keyboard|screenSize|smallestScreenSize|locale|layoutDirection|fontScale|screenLayout|density|uiMode"
36-->src\main\AndroidManifest.xml:12:13-163
37            android:exported="true"
37-->src\main\AndroidManifest.xml:9:13-36
38            android:hardwareAccelerated="true"
38-->src\main\AndroidManifest.xml:13:13-47
39            android:launchMode="singleTop"
39-->src\main\AndroidManifest.xml:10:13-43
40            android:theme="@style/LaunchTheme"
40-->src\main\AndroidManifest.xml:11:13-47
41            android:windowSoftInputMode="adjustResize" >
41-->src\main\AndroidManifest.xml:14:13-55
42
43            <!--
44                 Specifies an Android theme to apply to this Activity as soon as
45                 the Android process has started. This theme is visible to the user
46                 while the Flutter UI initializes. After that, this theme continues
47                 to determine the Window background behind the Flutter UI.
48            -->
49            <meta-data
49-->src\main\AndroidManifest.xml:19:13-22:17
50                android:name="io.flutter.embedding.android.NormalTheme"
50-->src\main\AndroidManifest.xml:20:15-70
51                android:resource="@style/NormalTheme" />
51-->src\main\AndroidManifest.xml:21:15-52
52
53            <intent-filter>
53-->src\main\AndroidManifest.xml:23:13-26:29
54                <action android:name="android.intent.action.MAIN" />
54-->src\main\AndroidManifest.xml:24:17-68
54-->src\main\AndroidManifest.xml:24:25-66
55
56                <category android:name="android.intent.category.LAUNCHER" />
56-->src\main\AndroidManifest.xml:25:17-76
56-->src\main\AndroidManifest.xml:25:27-74
57            </intent-filter>
58            <intent-filter>
58-->src\main\AndroidManifest.xml:27:13-30:29
59                <action android:name="FLUTTER_NOTIFICATION_CLICK" />
59-->src\main\AndroidManifest.xml:28:17-69
59-->src\main\AndroidManifest.xml:28:25-66
60
61                <category android:name="android.intent.category.DEFAULT" />
61-->src\main\AndroidManifest.xml:29:17-76
61-->src\main\AndroidManifest.xml:29:27-73
62            </intent-filter>
63        </activity>
64        <!--
65             Don't delete the meta-data below.
66             This is used by the Flutter tool to generate GeneratedPluginRegistrant.java
67        -->
68        <meta-data
68-->src\main\AndroidManifest.xml:34:9-37:15
69            android:name="flutterEmbedding"
69-->src\main\AndroidManifest.xml:35:13-44
70            android:value="2" />
70-->src\main\AndroidManifest.xml:36:13-30
71        <meta-data
71-->src\main\AndroidManifest.xml:38:9-40:70
72            android:name="com.google.android.geo.API_KEY"
72-->src\main\AndroidManifest.xml:39:13-58
73            android:value="AIzaSyCBzPDoaSZYd7D8qibbhKB0E5Xxh0gaj2o" />
73-->src\main\AndroidManifest.xml:40:13-68
74
75        <service
75-->[:cloud_firestore] AndroidManifest.xml:10:9-14:19
76            android:name="com.google.firebase.components.ComponentDiscoveryService"
76-->[:cloud_firestore] AndroidManifest.xml:10:18-89
77            android:directBootAware="true"
77-->[com.google.firebase:firebase-common:20.1.2] AndroidManifest.xml:35:13-43
78            android:exported="false" >
78-->[com.google.firebase:firebase-messaging:23.0.8] AndroidManifest.xml:55:13-37
79            <meta-data
79-->[:cloud_firestore] AndroidManifest.xml:11:13-13:85
80                android:name="com.google.firebase.components:io.flutter.plugins.firebase.firestore.FlutterFirebaseFirestoreRegistrar"
80-->[:cloud_firestore] AndroidManifest.xml:12:17-134
81                android:value="com.google.firebase.components.ComponentRegistrar" />
81-->[:cloud_firestore] AndroidManifest.xml:13:17-82
82            <meta-data
82-->[:firebase_auth] AndroidManifest.xml:11:13-13:85
83                android:name="com.google.firebase.components:io.flutter.plugins.firebase.auth.FlutterFirebaseAuthRegistrar"
83-->[:firebase_auth] AndroidManifest.xml:12:17-124
84                android:value="com.google.firebase.components.ComponentRegistrar" />
84-->[:firebase_auth] AndroidManifest.xml:13:17-82
85            <meta-data
85-->[:firebase_core] AndroidManifest.xml:11:13-13:85
86                android:name="com.google.firebase.components:io.flutter.plugins.firebase.core.FlutterFirebaseCoreRegistrar"
86-->[:firebase_core] AndroidManifest.xml:12:17-124
87                android:value="com.google.firebase.components.ComponentRegistrar" />
87-->[:firebase_core] AndroidManifest.xml:13:17-82
88            <meta-data
88-->[com.google.firebase:firebase-messaging:23.0.8] AndroidManifest.xml:56:13-58:85
89                android:name="com.google.firebase.components:com.google.firebase.messaging.FirebaseMessagingRegistrar"
89-->[com.google.firebase:firebase-messaging:23.0.8] AndroidManifest.xml:57:17-119
90                android:value="com.google.firebase.components.ComponentRegistrar" />
90-->[com.google.firebase:firebase-messaging:23.0.8] AndroidManifest.xml:58:17-82
91            <meta-data
91-->[com.google.firebase:firebase-datatransport:18.1.6] AndroidManifest.xml:28:13-30:85
92                android:name="com.google.firebase.components:com.google.firebase.datatransport.TransportRegistrar"
92-->[com.google.firebase:firebase-datatransport:18.1.6] AndroidManifest.xml:29:17-115
93                android:value="com.google.firebase.components.ComponentRegistrar" />
93-->[com.google.firebase:firebase-datatransport:18.1.6] AndroidManifest.xml:30:17-82
94            <meta-data
94-->[com.google.firebase:firebase-auth:21.0.8] AndroidManifest.xml:67:13-69:85
95                android:name="com.google.firebase.components:com.google.firebase.auth.FirebaseAuthRegistrar"
95-->[com.google.firebase:firebase-auth:21.0.8] AndroidManifest.xml:68:17-109
96                android:value="com.google.firebase.components.ComponentRegistrar" />
96-->[com.google.firebase:firebase-auth:21.0.8] AndroidManifest.xml:69:17-82
97            <meta-data
97-->[com.google.firebase:firebase-firestore:24.3.1] AndroidManifest.xml:20:13-22:85
98                android:name="com.google.firebase.components:com.google.firebase.firestore.FirestoreRegistrar"
98-->[com.google.firebase:firebase-firestore:24.3.1] AndroidManifest.xml:21:17-111
99                android:value="com.google.firebase.components.ComponentRegistrar" />
99-->[com.google.firebase:firebase-firestore:24.3.1] AndroidManifest.xml:22:17-82
100            <meta-data
100-->[com.google.firebase:firebase-installations:17.0.3] AndroidManifest.xml:18:13-20:85
101                android:name="com.google.firebase.components:com.google.firebase.installations.FirebaseInstallationsRegistrar"
101-->[com.google.firebase:firebase-installations:17.0.3] AndroidManifest.xml:19:17-127
102                android:value="com.google.firebase.components.ComponentRegistrar" />
102-->[com.google.firebase:firebase-installations:17.0.3] AndroidManifest.xml:20:17-82
103        </service>
104        <service
104-->[:location] AndroidManifest.xml:13:9-17:56
105            android:name="com.lyokone.location.FlutterLocationService"
105-->[:location] AndroidManifest.xml:14:13-71
106            android:enabled="true"
106-->[:location] AndroidManifest.xml:15:13-35
107            android:exported="false"
107-->[:location] AndroidManifest.xml:16:13-37
108            android:foregroundServiceType="location" />
108-->[:location] AndroidManifest.xml:17:13-53
109
110        <uses-library
110-->[androidx.window:window:1.0.0-beta04] AndroidManifest.xml:25:9-27:40
111            android:name="androidx.window.extensions"
111-->[androidx.window:window:1.0.0-beta04] AndroidManifest.xml:26:13-54
112            android:required="false" />
112-->[androidx.window:window:1.0.0-beta04] AndroidManifest.xml:27:13-37
113        <uses-library
113-->[androidx.window:window:1.0.0-beta04] AndroidManifest.xml:28:9-30:40
114            android:name="androidx.window.sidecar"
114-->[androidx.window:window:1.0.0-beta04] AndroidManifest.xml:29:13-51
115            android:required="false" />
115-->[androidx.window:window:1.0.0-beta04] AndroidManifest.xml:30:13-37
116
117        <receiver
117-->[com.google.firebase:firebase-messaging:23.0.8] AndroidManifest.xml:32:9-39:20
118            android:name="com.google.firebase.iid.FirebaseInstanceIdReceiver"
118-->[com.google.firebase:firebase-messaging:23.0.8] AndroidManifest.xml:33:13-78
119            android:exported="true"
119-->[com.google.firebase:firebase-messaging:23.0.8] AndroidManifest.xml:34:13-36
120            android:permission="com.google.android.c2dm.permission.SEND" >
120-->[com.google.firebase:firebase-messaging:23.0.8] AndroidManifest.xml:35:13-73
121            <intent-filter>
121-->[com.google.firebase:firebase-messaging:23.0.8] AndroidManifest.xml:36:13-38:29
122                <action android:name="com.google.android.c2dm.intent.RECEIVE" />
122-->[com.google.firebase:firebase-messaging:23.0.8] AndroidManifest.xml:37:17-81
122-->[com.google.firebase:firebase-messaging:23.0.8] AndroidManifest.xml:37:25-78
123            </intent-filter>
124        </receiver>
125        <!--
126             FirebaseMessagingService performs security checks at runtime,
127             but set to not exported to explicitly avoid allowing another app to call it.
128        -->
129        <service
129-->[com.google.firebase:firebase-messaging:23.0.8] AndroidManifest.xml:45:9-52:19
130            android:name="com.google.firebase.messaging.FirebaseMessagingService"
130-->[com.google.firebase:firebase-messaging:23.0.8] AndroidManifest.xml:46:13-82
131            android:directBootAware="true"
131-->[com.google.firebase:firebase-messaging:23.0.8] AndroidManifest.xml:47:13-43
132            android:exported="false" >
132-->[com.google.firebase:firebase-messaging:23.0.8] AndroidManifest.xml:48:13-37
133            <intent-filter android:priority="-500" >
133-->[com.google.firebase:firebase-messaging:23.0.8] AndroidManifest.xml:49:13-51:29
133-->[com.google.firebase:firebase-messaging:23.0.8] AndroidManifest.xml:49:28-51
134                <action android:name="com.google.firebase.MESSAGING_EVENT" />
134-->[com.google.firebase:firebase-messaging:23.0.8] AndroidManifest.xml:50:17-78
134-->[com.google.firebase:firebase-messaging:23.0.8] AndroidManifest.xml:50:25-75
135            </intent-filter>
136        </service>
137        <service
137-->[com.google.android.datatransport:transport-backend-cct:3.1.7] AndroidManifest.xml:29:9-35:19
138            android:name="com.google.android.datatransport.runtime.backends.TransportBackendDiscovery"
138-->[com.google.android.datatransport:transport-backend-cct:3.1.7] AndroidManifest.xml:30:13-103
139            android:exported="false" >
139-->[com.google.android.datatransport:transport-backend-cct:3.1.7] AndroidManifest.xml:31:13-37
140            <meta-data
140-->[com.google.android.datatransport:transport-backend-cct:3.1.7] AndroidManifest.xml:32:13-34:39
141                android:name="backend:com.google.android.datatransport.cct.CctBackendFactory"
141-->[com.google.android.datatransport:transport-backend-cct:3.1.7] AndroidManifest.xml:33:17-94
142                android:value="cct" />
142-->[com.google.android.datatransport:transport-backend-cct:3.1.7] AndroidManifest.xml:34:17-36
143        </service>
144        <service
144-->[com.google.android.datatransport:transport-runtime:3.1.7] AndroidManifest.xml:26:9-30:19
145            android:name="com.google.android.datatransport.runtime.scheduling.jobscheduling.JobInfoSchedulerService"
145-->[com.google.android.datatransport:transport-runtime:3.1.7] AndroidManifest.xml:27:13-117
146            android:exported="false"
146-->[com.google.android.datatransport:transport-runtime:3.1.7] AndroidManifest.xml:28:13-37
147            android:permission="android.permission.BIND_JOB_SERVICE" >
147-->[com.google.android.datatransport:transport-runtime:3.1.7] AndroidManifest.xml:29:13-69
148        </service>
149
150        <receiver
150-->[com.google.android.datatransport:transport-runtime:3.1.7] AndroidManifest.xml:32:9-34:40
151            android:name="com.google.android.datatransport.runtime.scheduling.jobscheduling.AlarmManagerSchedulerBroadcastReceiver"
151-->[com.google.android.datatransport:transport-runtime:3.1.7] AndroidManifest.xml:33:13-132
152            android:exported="false" />
152-->[com.google.android.datatransport:transport-runtime:3.1.7] AndroidManifest.xml:34:13-37
153
154        <activity
154-->[com.google.firebase:firebase-auth:21.0.8] AndroidManifest.xml:27:9-44:20
155            android:name="com.google.firebase.auth.internal.GenericIdpActivity"
155-->[com.google.firebase:firebase-auth:21.0.8] AndroidManifest.xml:28:13-80
156            android:excludeFromRecents="true"
156-->[com.google.firebase:firebase-auth:21.0.8] AndroidManifest.xml:29:13-46
157            android:exported="true"
157-->[com.google.firebase:firebase-auth:21.0.8] AndroidManifest.xml:30:13-36
158            android:launchMode="singleTask"
158-->[com.google.firebase:firebase-auth:21.0.8] AndroidManifest.xml:31:13-44
159            android:theme="@android:style/Theme.Translucent.NoTitleBar" >
159-->[com.google.firebase:firebase-auth:21.0.8] AndroidManifest.xml:32:13-72
160            <intent-filter>
160-->[com.google.firebase:firebase-auth:21.0.8] AndroidManifest.xml:33:13-43:29
161                <action android:name="android.intent.action.VIEW" />
161-->[com.google.firebase:firebase-auth:21.0.8] AndroidManifest.xml:34:17-69
161-->[com.google.firebase:firebase-auth:21.0.8] AndroidManifest.xml:34:25-66
162
163                <category android:name="android.intent.category.DEFAULT" />
163-->src\main\AndroidManifest.xml:29:17-76
163-->src\main\AndroidManifest.xml:29:27-73
164                <category android:name="android.intent.category.BROWSABLE" />
164-->[com.google.firebase:firebase-auth:21.0.8] AndroidManifest.xml:37:17-78
164-->[com.google.firebase:firebase-auth:21.0.8] AndroidManifest.xml:37:27-75
165
166                <data
166-->[com.google.firebase:firebase-auth:21.0.8] AndroidManifest.xml:39:17-42:51
167                    android:host="firebase.auth"
167-->[com.google.firebase:firebase-auth:21.0.8] AndroidManifest.xml:40:21-49
168                    android:path="/"
168-->[com.google.firebase:firebase-auth:21.0.8] AndroidManifest.xml:41:21-37
169                    android:scheme="genericidp" />
169-->[com.google.firebase:firebase-auth:21.0.8] AndroidManifest.xml:42:21-48
170            </intent-filter>
171        </activity>
172        <activity
172-->[com.google.firebase:firebase-auth:21.0.8] AndroidManifest.xml:45:9-62:20
173            android:name="com.google.firebase.auth.internal.RecaptchaActivity"
173-->[com.google.firebase:firebase-auth:21.0.8] AndroidManifest.xml:46:13-79
174            android:excludeFromRecents="true"
174-->[com.google.firebase:firebase-auth:21.0.8] AndroidManifest.xml:47:13-46
175            android:exported="true"
175-->[com.google.firebase:firebase-auth:21.0.8] AndroidManifest.xml:48:13-36
176            android:launchMode="singleTask"
176-->[com.google.firebase:firebase-auth:21.0.8] AndroidManifest.xml:49:13-44
177            android:theme="@android:style/Theme.Translucent.NoTitleBar" >
177-->[com.google.firebase:firebase-auth:21.0.8] AndroidManifest.xml:50:13-72
178            <intent-filter>
178-->[com.google.firebase:firebase-auth:21.0.8] AndroidManifest.xml:51:13-61:29
179                <action android:name="android.intent.action.VIEW" />
179-->[com.google.firebase:firebase-auth:21.0.8] AndroidManifest.xml:34:17-69
179-->[com.google.firebase:firebase-auth:21.0.8] AndroidManifest.xml:34:25-66
180
181                <category android:name="android.intent.category.DEFAULT" />
181-->src\main\AndroidManifest.xml:29:17-76
181-->src\main\AndroidManifest.xml:29:27-73
182                <category android:name="android.intent.category.BROWSABLE" />
182-->[com.google.firebase:firebase-auth:21.0.8] AndroidManifest.xml:37:17-78
182-->[com.google.firebase:firebase-auth:21.0.8] AndroidManifest.xml:37:27-75
183
184                <data
184-->[com.google.firebase:firebase-auth:21.0.8] AndroidManifest.xml:39:17-42:51
185                    android:host="firebase.auth"
185-->[com.google.firebase:firebase-auth:21.0.8] AndroidManifest.xml:40:21-49
186                    android:path="/"
186-->[com.google.firebase:firebase-auth:21.0.8] AndroidManifest.xml:41:21-37
187                    android:scheme="recaptcha" />
187-->[com.google.firebase:firebase-auth:21.0.8] AndroidManifest.xml:42:21-48
188            </intent-filter>
189        </activity>
190
191        <provider
191-->[com.google.firebase:firebase-common:20.1.2] AndroidManifest.xml:26:9-31:39
192            android:name="com.google.firebase.provider.FirebaseInitProvider"
192-->[com.google.firebase:firebase-common:20.1.2] AndroidManifest.xml:27:13-77
193            android:authorities="com.example.first_project.firebaseinitprovider"
193-->[com.google.firebase:firebase-common:20.1.2] AndroidManifest.xml:28:13-72
194            android:directBootAware="true"
194-->[com.google.firebase:firebase-common:20.1.2] AndroidManifest.xml:29:13-43
195            android:exported="false"
195-->[com.google.firebase:firebase-common:20.1.2] AndroidManifest.xml:30:13-37
196            android:initOrder="100" /> <!-- Needs to be explicitly declared on P+ -->
196-->[com.google.firebase:firebase-common:20.1.2] AndroidManifest.xml:31:13-36
197        <uses-library
197-->[com.google.android.gms:play-services-maps:18.0.2] AndroidManifest.xml:39:9-41:40
198            android:name="org.apache.http.legacy"
198-->[com.google.android.gms:play-services-maps:18.0.2] AndroidManifest.xml:40:13-50
199            android:required="false" />
199-->[com.google.android.gms:play-services-maps:18.0.2] AndroidManifest.xml:41:13-37
200
201        <activity
201-->[com.google.android.gms:play-services-auth:20.0.1] AndroidManifest.xml:23:9-27:75
202            android:name="com.google.android.gms.auth.api.signin.internal.SignInHubActivity"
202-->[com.google.android.gms:play-services-auth:20.0.1] AndroidManifest.xml:24:13-93
203            android:excludeFromRecents="true"
203-->[com.google.android.gms:play-services-auth:20.0.1] AndroidManifest.xml:25:13-46
204            android:exported="false"
204-->[com.google.android.gms:play-services-auth:20.0.1] AndroidManifest.xml:26:13-37
205            android:theme="@android:style/Theme.Translucent.NoTitleBar" />
205-->[com.google.android.gms:play-services-auth:20.0.1] AndroidManifest.xml:27:13-72
206        <!--
207            Service handling Google Sign-In user revocation. For apps that do not integrate with
208            Google Sign-In, this service will never be started.
209        -->
210        <service
210-->[com.google.android.gms:play-services-auth:20.0.1] AndroidManifest.xml:33:9-37:51
211            android:name="com.google.android.gms.auth.api.signin.RevocationBoundService"
211-->[com.google.android.gms:play-services-auth:20.0.1] AndroidManifest.xml:34:13-89
212            android:exported="true"
212-->[com.google.android.gms:play-services-auth:20.0.1] AndroidManifest.xml:35:13-36
213            android:permission="com.google.android.gms.auth.api.signin.permission.REVOCATION_NOTIFICATION"
213-->[com.google.android.gms:play-services-auth:20.0.1] AndroidManifest.xml:36:13-107
214            android:visibleToInstantApps="true" />
214-->[com.google.android.gms:play-services-auth:20.0.1] AndroidManifest.xml:37:13-48
215
216        <activity
216-->[com.google.android.gms:play-services-base:18.0.1] AndroidManifest.xml:20:9-22:45
217            android:name="com.google.android.gms.common.api.GoogleApiActivity"
217-->[com.google.android.gms:play-services-base:18.0.1] AndroidManifest.xml:20:19-85
218            android:exported="false"
218-->[com.google.android.gms:play-services-base:18.0.1] AndroidManifest.xml:22:19-43
219            android:theme="@android:style/Theme.Translucent.NoTitleBar" />
219-->[com.google.android.gms:play-services-base:18.0.1] AndroidManifest.xml:21:19-78
220
221        <meta-data
221-->[com.google.android.gms:play-services-basement:18.1.0] AndroidManifest.xml:21:9-23:69
222            android:name="com.google.android.gms.version"
222-->[com.google.android.gms:play-services-basement:18.1.0] AndroidManifest.xml:22:13-58
223            android:value="@integer/google_play_services_version" />
223-->[com.google.android.gms:play-services-basement:18.1.0] AndroidManifest.xml:23:13-66
224    </application>
225
226</manifest>